<?xml version="1.0" encoding="UTF-8"?>
<!-- Generated by org.testng.reporters.JUnitReportReporter -->
<testsuite hostname="Teja" failures="0" tests="1" name="StudentManagementSystem.CreateTeacherTest" time="36.538" errors="0" timestamp="2024-07-20T23:10:39 IST" skipped="0">
  <testcase classname="StudentManagementSystem.CreateTeacherTest" name="CreateTeachersTest" time="36.538"/>
  <system-out>
    <![CDATA[Step1
Step2
Step3
Step4
Step5
Step6]]>
  </system-out>
</testsuite> <!-- StudentManagementSystem.CreateTeacherTest -->
