<?xml version="1.0" encoding="UTF-8"?>
<!-- Generated by org.testng.reporters.JUnitReportReporter -->
<testsuite hostname="Teja" failures="0" tests="1" name="StudentManagementSystem.CreateStudentTest" time="38.515" errors="0" timestamp="2024-07-20T23:39:10 IST" skipped="0">
  <testcase classname="StudentManagementSystem.CreateStudentTest" name="createStudentTest" time="38.515"/>
  <system-out>
    <![CDATA[Step1
Step2
Step3
Step4
Step5
Step6
Step7
Step8
Step9]]>
  </system-out>
</testsuite> <!-- StudentManagementSystem.CreateStudentTest -->
