<?xml version="1.0" encoding="UTF-8"?>
<!-- Generated by org.testng.reporters.JUnitReportReporter -->
<testsuite hostname="Teja" failures="0" tests="1" name="StudentManagementSystem.EventVerifyByStudentTest" time="11.271" errors="0" timestamp="2024-07-21T00:04:59 IST" skipped="0">
  <testcase classname="StudentManagementSystem.EventVerifyByStudentTest" name="EventsVerifyByStudentTest" time="11.271"/>
  <system-out>
    <![CDATA[step1
step2
step3
step4
step5
step6
step7
step8
step9
step10
step11
step12
step13
step14]]>
  </system-out>
</testsuite> <!-- StudentManagementSystem.EventVerifyByStudentTest -->
